mobile/app/build/intermediates/manifest_merge_blame_file/debug/manifest-merger-blame-debug-report.txt
1<?xml version="1.0" encoding="utf-8"?>
2<manifest xmlns:android="http://schemas.android.com/apk/res/android"
3    package="com.staffapp.mobile"
4    android:versionCode="1"
5    android:versionName="1.0" >
6
7    <uses-sdk
8        android:minSdkVersion="23"
8-->src\main\AndroidManifest.xml
9        android:targetSdkVersion="32" />
9-->src\main\AndroidManifest.xml
10
11    <uses-permission android:name="android.permission.INTERNET" />
11-->src\main\AndroidManifest.xml:5:5-67
11-->src\main\AndroidManifest.xml:5:22-64
12    <uses-permission android:name="android.permission.WAKE_LOCK" />
12-->[androidx.work:work-runtime:2.7.1] AndroidManifest.xml:25:5-68
12-->[androidx.work:work-runtime:2.7.1] AndroidManifest.xml:25:22-65
13    <uses-permission android:name="android.permission.ACCESS_NETWORK_STATE" />
13-->[androidx.work:work-runtime:2.7.1] AndroidManifest.xml:26:5-79
13-->[androidx.work:work-runtime:2.7.1] AndroidManifest.xml:26:22-76
14    <uses-permission android:name="android.permission.RECEIVE_BOOT_COMPLETED" />
14-->[androidx.work:work-runtime:2.7.1] AndroidManifest.xml:27:5-81
14-->[androidx.work:work-runtime:2.7.1] AndroidManifest.xml:27:22-78
15    <uses-permission android:name="android.permission.FOREGROUND_SERVICE" />
15-->[androidx.work:work-runtime:2.7.1] AndroidManifest.xml:28:5-77
15-->[androidx.work:work-runtime:2.7.1] AndroidManifest.xml:28:22-74
16
17    <application
17-->src\main\AndroidManifest.xml:7:5-30:19
18        android:name="com.staffapp.mobile.api.MyAppContext"
18-->src\main\AndroidManifest.xml:8:9-41
19        android:allowBackup="true"
19-->src\main\AndroidManifest.xml:9:9-35
20        android:appComponentFactory="androidx.core.app.CoreComponentFactory"
20-->[androidx.core:core:1.7.0] AndroidManifest.xml:24:18-86
21        android:debuggable="true"
22        android:extractNativeLibs="false"
23        android:icon="@mipmap/ic_launcher"
23-->src\main\AndroidManifest.xml:10:9-43
24        android:label="@string/app_name"
24-->src\main\AndroidManifest.xml:11:9-41
25        android:roundIcon="@mipmap/ic_launcher_round"
25-->src\main\AndroidManifest.xml:12:9-54
26        android:supportsRtl="true"
26-->src\main\AndroidManifest.xml:13:9-35
27        android:testOnly="true"
28        android:theme="@style/Theme.Staffapp" >
28-->src\main\AndroidManifest.xml:14:9-46
29        <activity
29-->src\main\AndroidManifest.xml:15:9-17:40
30            android:name="com.staffapp.mobile.activities.LinkingActivity"
30-->src\main\AndroidManifest.xml:16:13-55
31            android:exported="false" />
31-->src\main\AndroidManifest.xml:17:13-37
32        <activity
32-->src\main\AndroidManifest.xml:18:9-20:40
33            android:name="com.staffapp.mobile.activities.MainActivity"
33-->src\main\AndroidManifest.xml:19:13-52
34            android:exported="false" />
34-->src\main\AndroidManifest.xml:20:13-37
35        <activity
35-->src\main\AndroidManifest.xml:21:9-29:20
36            android:name="com.staffapp.mobile.activities.LoginActivity"
36-->src\main\AndroidManifest.xml:22:13-53
37            android:exported="true" >
37-->src\main\AndroidManifest.xml:23:13-36
38            <intent-filter>
38-->src\main\AndroidManifest.xml:24:13-28:29
39                <action android:name="android.intent.action.MAIN" />
39-->src\main\AndroidManifest.xml:25:17-69
39-->src\main\AndroidManifest.xml:25:25-66
40
41                <category android:name="android.intent.category.LAUNCHER" />
41-->src\main\AndroidManifest.xml:27:17-77
41-->src\main\AndroidManifest.xml:27:27-74
42            </intent-filter>
43        </activity>
44
45        <provider
45-->[androidx.work:work-runtime:2.7.1] AndroidManifest.xml:31:9-39:20
46            android:name="androidx.startup.InitializationProvider"
46-->[androidx.work:work-runtime:2.7.1] AndroidManifest.xml:32:13-67
47            android:authorities="com.staffapp.mobile.androidx-startup"
47-->[androidx.work:work-runtime:2.7.1] AndroidManifest.xml:33:13-68
48            android:exported="false" >
48-->[androidx.work:work-runtime:2.7.1] AndroidManifest.xml:34:13-37
49            <meta-data
49-->[androidx.work:work-runtime:2.7.1] AndroidManifest.xml:36:13-38:52
50                android:name="androidx.work.WorkManagerInitializer"
50-->[androidx.work:work-runtime:2.7.1] AndroidManifest.xml:37:17-68
51                android:value="androidx.startup" />
51-->[androidx.work:work-runtime:2.7.1] AndroidManifest.xml:38:17-49
52            <meta-data
52-->[androidx.emoji2:emoji2:1.0.0] AndroidManifest.xml:31:13-33:52
53                android:name="androidx.emoji2.text.EmojiCompatInitializer"
53-->[androidx.emoji2:emoji2:1.0.0] AndroidManifest.xml:32:17-75
54                android:value="androidx.startup" />
54-->[androidx.emoji2:emoji2:1.0.0] AndroidManifest.xml:33:17-49
55            <meta-data
55-->[androidx.lifecycle:lifecycle-process:2.4.0] AndroidManifest.xml:31:13-33:52
56                android:name="androidx.lifecycle.ProcessLifecycleInitializer"
56-->[androidx.lifecycle:lifecycle-process:2.4.0] AndroidManifest.xml:32:17-78
57                android:value="androidx.startup" />
57-->[androidx.lifecycle:lifecycle-process:2.4.0] AndroidManifest.xml:33:17-49
58        </provider>
59
60        <service
60-->[androidx.work:work-runtime:2.7.1] AndroidManifest.xml:41:9-46:35
61            android:name="androidx.work.impl.background.systemalarm.SystemAlarmService"
61-->[androidx.work:work-runtime:2.7.1] AndroidManifest.xml:42:13-88
62            android:directBootAware="false"
62-->[androidx.work:work-runtime:2.7.1] AndroidManifest.xml:43:13-44
63            android:enabled="@bool/enable_system_alarm_service_default"
63-->[androidx.work:work-runtime:2.7.1] AndroidManifest.xml:44:13-72
64            android:exported="false" />
64-->[androidx.work:work-runtime:2.7.1] AndroidManifest.xml:45:13-37
65        <service
65-->[androidx.work:work-runtime:2.7.1] AndroidManifest.xml:47:9-53:35
66            android:name="androidx.work.impl.background.systemjob.SystemJobService"
66-->[androidx.work:work-runtime:2.7.1] AndroidManifest.xml:48:13-84
67            android:directBootAware="false"
67-->[androidx.work:work-runtime:2.7.1] AndroidManifest.xml:49:13-44
68            android:enabled="@bool/enable_system_job_service_default"
68-->[androidx.work:work-runtime:2.7.1] AndroidManifest.xml:50:13-70
69            android:exported="true"
69-->[androidx.work:work-runtime:2.7.1] AndroidManifest.xml:51:13-36
70            android:permission="android.permission.BIND_JOB_SERVICE" />
70-->[androidx.work:work-runtime:2.7.1] AndroidManifest.xml:52:13-69
71        <service
71-->[androidx.work:work-runtime:2.7.1] AndroidManifest.xml:54:9-59:35
72            android:name="androidx.work.impl.foreground.SystemForegroundService"
72-->[androidx.work:work-runtime:2.7.1] AndroidManifest.xml:55:13-81
73            android:directBootAware="false"
73-->[androidx.work:work-runtime:2.7.1] AndroidManifest.xml:56:13-44
74            android:enabled="@bool/enable_system_foreground_service_default"
74-->[androidx.work:work-runtime:2.7.1] AndroidManifest.xml:57:13-77
75            android:exported="false" />
75-->[androidx.work:work-runtime:2.7.1] AndroidManifest.xml:58:13-37
76
77        <receiver
77-->[androidx.work:work-runtime:2.7.1] AndroidManifest.xml:61:9-66:35
78            android:name="androidx.work.impl.utils.ForceStopRunnable$BroadcastReceiver"
78-->[androidx.work:work-runtime:2.7.1] AndroidManifest.xml:62:13-88
79            android:directBootAware="false"
79-->[androidx.work:work-runtime:2.7.1] AndroidManifest.xml:63:13-44
80            android:enabled="true"
80-->[androidx.work:work-runtime:2.7.1] AndroidManifest.xml:64:13-35
81            android:exported="false" />
81-->[androidx.work:work-runtime:2.7.1] AndroidManifest.xml:65:13-37
82        <receiver
82-->[androidx.work:work-runtime:2.7.1] AndroidManifest.xml:67:9-77:20
83            android:name="androidx.work.impl.background.systemalarm.ConstraintProxy$BatteryChargingProxy"
83-->[androidx.work:work-runtime:2.7.1] AndroidManifest.xml:68:13-106
84            android:directBootAware="false"
84-->[androidx.work:work-runtime:2.7.1] AndroidManifest.xml:69:13-44
85            android:enabled="false"
85-->[androidx.work:work-runtime:2.7.1] AndroidManifest.xml:70:13-36
86            android:exported="false" >
86-->[androidx.work:work-runtime:2.7.1] AndroidManifest.xml:71:13-37
87            <intent-filter>
87-->[androidx.work:work-runtime:2.7.1] AndroidManifest.xml:73:13-76:29
88                <action android:name="android.intent.action.ACTION_POWER_CONNECTED" />
88-->[androidx.work:work-runtime:2.7.1] AndroidManifest.xml:74:17-87
88-->[androidx.work:work-runtime:2.7.1] AndroidManifest.xml:74:25-84
89                <action android:name="android.intent.action.ACTION_POWER_DISCONNECTED" />
89-->[androidx.work:work-runtime:2.7.1] AndroidManifest.xml:75:17-90
89-->[androidx.work:work-runtime:2.7.1] AndroidManifest.xml:75:25-87
90            </intent-filter>
91        </receiver>
92        <receiver
92-->[androidx.work:work-runtime:2.7.1] AndroidManifest.xml:78:9-88:20
93            android:name="androidx.work.impl.background.systemalarm.ConstraintProxy$BatteryNotLowProxy"
93-->[androidx.work:work-runtime:2.7.1] AndroidManifest.xml:79:13-104
94            android:directBootAware="false"
94-->[androidx.work:work-runtime:2.7.1] AndroidManifest.xml:80:13-44
95            android:enabled="false"
95-->[androidx.work:work-runtime:2.7.1] AndroidManifest.xml:81:13-36
96            android:exported="false" >
96-->[androidx.work:work-runtime:2.7.1] AndroidManifest.xml:82:13-37
97            <intent-filter>
97-->[androidx.work:work-runtime:2.7.1] AndroidManifest.xml:84:13-87:29
98                <action android:name="android.intent.action.BATTERY_OKAY" />
98-->[androidx.work:work-runtime:2.7.1] AndroidManifest.xml:85:17-77
98-->[androidx.work:work-runtime:2.7.1] AndroidManifest.xml:85:25-74
99                <action android:name="android.intent.action.BATTERY_LOW" />
99-->[androidx.work:work-runtime:2.7.1] AndroidManifest.xml:86:17-76
99-->[androidx.work:work-runtime:2.7.1] AndroidManifest.xml:86:25-73
100            </intent-filter>
101        </receiver>
102        <receiver
102-->[androidx.work:work-runtime:2.7.1] AndroidManifest.xml:89:9-99:20
103            android:name="androidx.work.impl.background.systemalarm.ConstraintProxy$StorageNotLowProxy"
103-->[androidx.work:work-runtime:2.7.1] AndroidManifest.xml:90:13-104
104            android:directBootAware="false"
104-->[androidx.work:work-runtime:2.7.1] AndroidManifest.xml:91:13-44
105            android:enabled="false"
105-->[androidx.work:work-runtime:2.7.1] AndroidManifest.xml:92:13-36
106            android:exported="false" >
106-->[androidx.work:work-runtime:2.7.1] AndroidManifest.xml:93:13-37
107            <intent-filter>
107-->[androidx.work:work-runtime:2.7.1] AndroidManifest.xml:95:13-98:29
108                <action android:name="android.intent.action.DEVICE_STORAGE_LOW" />
108-->[androidx.work:work-runtime:2.7.1] AndroidManifest.xml:96:17-83
108-->[androidx.work:work-runtime:2.7.1] AndroidManifest.xml:96:25-80
109                <action android:name="android.intent.action.DEVICE_STORAGE_OK" />
109-->[androidx.work:work-runtime:2.7.1] AndroidManifest.xml:97:17-82
109-->[androidx.work:work-runtime:2.7.1] AndroidManifest.xml:97:25-79
110            </intent-filter>
111        </receiver>
112        <receiver
112-->[androidx.work:work-runtime:2.7.1] AndroidManifest.xml:100:9-109:20
113            android:name="androidx.work.impl.background.systemalarm.ConstraintProxy$NetworkStateProxy"
113-->[androidx.work:work-runtime:2.7.1] AndroidManifest.xml:101:13-103
114            android:directBootAware="false"
114-->[androidx.work:work-runtime:2.7.1] AndroidManifest.xml:102:13-44
115            android:enabled="false"
115-->[androidx.work:work-runtime:2.7.1] AndroidManifest.xml:103:13-36
116            android:exported="false" >
116-->[androidx.work:work-runtime:2.7.1] AndroidManifest.xml:104:13-37
117            <intent-filter>
117-->[androidx.work:work-runtime:2.7.1] AndroidManifest.xml:106:13-108:29
118                <action android:name="android.net.conn.CONNECTIVITY_CHANGE" />
118-->[androidx.work:work-runtime:2.7.1] AndroidManifest.xml:107:17-79
118-->[androidx.work:work-runtime:2.7.1] AndroidManifest.xml:107:25-76
119            </intent-filter>
120        </receiver>
121        <receiver
121-->[androidx.work:work-runtime:2.7.1] AndroidManifest.xml:110:9-121:20
122            android:name="androidx.work.impl.background.systemalarm.RescheduleReceiver"
122-->[androidx.work:work-runtime:2.7.1] AndroidManifest.xml:111:13-88
123            android:directBootAware="false"
123-->[androidx.work:work-runtime:2.7.1] AndroidManifest.xml:112:13-44
124            android:enabled="false"
124-->[androidx.work:work-runtime:2.7.1] AndroidManifest.xml:113:13-36
125            android:exported="false" >
125-->[androidx.work:work-runtime:2.7.1] AndroidManifest.xml:114:13-37
126            <intent-filter>
126-->[androidx.work:work-runtime:2.7.1] AndroidManifest.xml:116:13-120:29
127                <action android:name="android.intent.action.BOOT_COMPLETED" />
127-->[androidx.work:work-runtime:2.7.1] AndroidManifest.xml:117:17-79
127-->[androidx.work:work-runtime:2.7.1] AndroidManifest.xml:117:25-76
128                <action android:name="android.intent.action.TIME_SET" />
128-->[androidx.work:work-runtime:2.7.1] AndroidManifest.xml:118:17-73
128-->[androidx.work:work-runtime:2.7.1] AndroidManifest.xml:118:25-70
129                <action android:name="android.intent.action.TIMEZONE_CHANGED" />
129-->[androidx.work:work-runtime:2.7.1] AndroidManifest.xml:119:17-81
129-->[androidx.work:work-runtime:2.7.1] AndroidManifest.xml:119:25-78
130            </intent-filter>
131        </receiver>
132        <receiver
132-->[androidx.work:work-runtime:2.7.1] AndroidManifest.xml:122:9-131:20
133            android:name="androidx.work.impl.background.systemalarm.ConstraintProxyUpdateReceiver"
133-->[androidx.work:work-runtime:2.7.1] AndroidManifest.xml:123:13-99
134            android:directBootAware="false"
134-->[androidx.work:work-runtime:2.7.1] AndroidManifest.xml:124:13-44
135            android:enabled="@bool/enable_system_alarm_service_default"
135-->[androidx.work:work-runtime:2.7.1] AndroidManifest.xml:125:13-72
136            android:exported="false" >
136-->[androidx.work:work-runtime:2.7.1] AndroidManifest.xml:126:13-37
137            <intent-filter>
137-->[androidx.work:work-runtime:2.7.1] AndroidManifest.xml:128:13-130:29
138                <action android:name="androidx.work.impl.background.systemalarm.UpdateProxies" />
138-->[androidx.work:work-runtime:2.7.1] AndroidManifest.xml:129:17-98
138-->[androidx.work:work-runtime:2.7.1] AndroidManifest.xml:129:25-95
139            </intent-filter>
140        </receiver>
141        <receiver
141-->[androidx.work:work-runtime:2.7.1] AndroidManifest.xml:132:9-142:20
142            android:name="androidx.work.impl.diagnostics.DiagnosticsReceiver"
142-->[androidx.work:work-runtime:2.7.1] AndroidManifest.xml:133:13-78
143            android:directBootAware="false"
143-->[androidx.work:work-runtime:2.7.1] AndroidManifest.xml:134:13-44
144            android:enabled="true"
144-->[androidx.work:work-runtime:2.7.1] AndroidManifest.xml:135:13-35
145            android:exported="true"
145-->[androidx.work:work-runtime:2.7.1] AndroidManifest.xml:136:13-36
146            android:permission="android.permission.DUMP" >
146-->[androidx.work:work-runtime:2.7.1] AndroidManifest.xml:137:13-57
147            <intent-filter>
147-->[androidx.work:work-runtime:2.7.1] AndroidManifest.xml:139:13-141:29
148                <action android:name="androidx.work.diagnostics.REQUEST_DIAGNOSTICS" />
148-->[androidx.work:work-runtime:2.7.1] AndroidManifest.xml:140:17-88
148-->[androidx.work:work-runtime:2.7.1] AndroidManifest.xml:140:25-85
149            </intent-filter>
150        </receiver>
151
152        <service
152-->[androidx.room:room-runtime:2.2.5] AndroidManifest.xml:25:9-28:40
153            android:name="androidx.room.MultiInstanceInvalidationService"
153-->[androidx.room:room-runtime:2.2.5] AndroidManifest.xml:26:13-74
154            android:directBootAware="true"
154-->[androidx.room:room-runtime:2.2.5] AndroidManifest.xml:27:13-43
155            android:exported="false" />
155-->[androidx.room:room-runtime:2.2.5] AndroidManifest.xml:28:13-37
156    </application>
157
158</manifest>